{"/home/ayelsew/Desktop/express-decorator/src/AutoloaderException.ts": {"path":"/home/ayelsew/Desktop/express-decorator/src/AutoloaderException.ts","all":false,"statementMap":{"0":{"start":{"line":1,"column":0},"end":{"line":1,"column":48}},"1":{"start":{"line":2,"column":0},"end":{"line":2,"column":32}},"2":{"start":{"line":3,"column":0},"end":{"line":3,"column":19}},"3":{"start":{"line":4,"column":0},"end":{"line":4,"column":38}},"4":{"start":{"line":5,"column":0},"end":{"line":5,"column":3}},"5":{"start":{"line":6,"column":0},"end":{"line":6,"column":1}},"6":{"start":{"line":7,"column":0},"end":{"line":7,"column":0}},"7":{"start":{"line":8,"column":0},"end":{"line":8,"column":35}}},"s":{"0":1,"1":1,"2":1,"3":1,"4":1,"5":1,"6":1,"7":1},"branchMap":{"0":{"type":"branch","line":2,"loc":{"start":{"line":2,"column":2},"end":{"line":5,"column":3}},"locations":[{"start":{"line":2,"column":2},"end":{"line":5,"column":3}}]}},"b":{"0":[1]},"fnMap":{"0":{"name":"AutoloaderException","decl":{"start":{"line":2,"column":2},"end":{"line":5,"column":3}},"loc":{"start":{"line":2,"column":2},"end":{"line":5,"column":3}},"line":2}},"f":{"0":1}}
,"/home/ayelsew/Desktop/express-decorator/src/ControllerBase.ts": {"path":"/home/ayelsew/Desktop/express-decorator/src/ControllerBase.ts","all":false,"statementMap":{"0":{"start":{"line":1,"column":0},"end":{"line":1,"column":60}},"1":{"start":{"line":2,"column":0},"end":{"line":2,"column":58}},"2":{"start":{"line":3,"column":0},"end":{"line":3,"column":0}},"3":{"start":{"line":4,"column":0},"end":{"line":4,"column":38}},"4":{"start":{"line":5,"column":0},"end":{"line":5,"column":38}},"5":{"start":{"line":6,"column":0},"end":{"line":6,"column":58}},"6":{"start":{"line":7,"column":0},"end":{"line":7,"column":0}},"7":{"start":{"line":8,"column":0},"end":{"line":8,"column":36}},"8":{"start":{"line":9,"column":0},"end":{"line":9,"column":29}},"9":{"start":{"line":10,"column":0},"end":{"line":10,"column":3}},"10":{"start":{"line":11,"column":0},"end":{"line":11,"column":0}},"11":{"start":{"line":12,"column":0},"end":{"line":12,"column":59}},"12":{"start":{"line":13,"column":0},"end":{"line":13,"column":35}},"13":{"start":{"line":14,"column":0},"end":{"line":14,"column":3}},"14":{"start":{"line":15,"column":0},"end":{"line":15,"column":0}},"15":{"start":{"line":16,"column":0},"end":{"line":16,"column":79}},"16":{"start":{"line":17,"column":0},"end":{"line":17,"column":145}},"17":{"start":{"line":18,"column":0},"end":{"line":18,"column":0}},"18":{"start":{"line":19,"column":0},"end":{"line":19,"column":80}},"19":{"start":{"line":20,"column":0},"end":{"line":20,"column":3}},"20":{"start":{"line":21,"column":0},"end":{"line":21,"column":1}},"21":{"start":{"line":22,"column":0},"end":{"line":22,"column":0}},"22":{"start":{"line":23,"column":0},"end":{"line":23,"column":30}}},"s":{"0":1,"1":1,"2":1,"3":1,"4":1,"5":0,"6":1,"7":1,"8":1,"9":1,"10":1,"11":1,"12":1,"13":1,"14":1,"15":1,"16":0,"17":0,"18":0,"19":0,"20":1,"21":1,"22":1},"branchMap":{"0":{"type":"branch","line":5,"loc":{"start":{"line":5,"column":12},"end":{"line":6,"column":58}},"locations":[{"start":{"line":5,"column":12},"end":{"line":6,"column":58}}]},"1":{"type":"branch","line":8,"loc":{"start":{"line":8,"column":9},"end":{"line":10,"column":3}},"locations":[{"start":{"line":8,"column":9},"end":{"line":10,"column":3}}]},"2":{"type":"branch","line":12,"loc":{"start":{"line":12,"column":9},"end":{"line":14,"column":3}},"locations":[{"start":{"line":12,"column":9},"end":{"line":14,"column":3}}]}},"b":{"0":[0],"1":[1],"2":[1]},"fnMap":{"0":{"name":"<instance_members_initializer>","decl":{"start":{"line":5,"column":12},"end":{"line":6,"column":58}},"loc":{"start":{"line":5,"column":12},"end":{"line":6,"column":58}},"line":5},"1":{"name":"getResourceName","decl":{"start":{"line":8,"column":9},"end":{"line":10,"column":3}},"loc":{"start":{"line":8,"column":9},"end":{"line":10,"column":3}},"line":8},"2":{"name":"getAllResourceIdentifier","decl":{"start":{"line":12,"column":9},"end":{"line":14,"column":3}},"loc":{"start":{"line":12,"column":9},"end":{"line":14,"column":3}},"line":12},"3":{"name":"getResourceIdentifier","decl":{"start":{"line":16,"column":9},"end":{"line":20,"column":3}},"loc":{"start":{"line":16,"column":9},"end":{"line":20,"column":3}},"line":16}},"f":{"0":0,"1":1,"2":1,"3":0}}
,"/home/ayelsew/Desktop/express-decorator/src/ControllerException.ts": {"path":"/home/ayelsew/Desktop/express-decorator/src/ControllerException.ts","all":false,"statementMap":{"0":{"start":{"line":1,"column":0},"end":{"line":1,"column":48}},"1":{"start":{"line":2,"column":0},"end":{"line":2,"column":32}},"2":{"start":{"line":3,"column":0},"end":{"line":3,"column":19}},"3":{"start":{"line":4,"column":0},"end":{"line":4,"column":38}},"4":{"start":{"line":5,"column":0},"end":{"line":5,"column":3}},"5":{"start":{"line":6,"column":0},"end":{"line":6,"column":1}},"6":{"start":{"line":7,"column":0},"end":{"line":7,"column":0}},"7":{"start":{"line":8,"column":0},"end":{"line":8,"column":35}}},"s":{"0":1,"1":1,"2":0,"3":0,"4":0,"5":1,"6":1,"7":1},"branchMap":{},"b":{},"fnMap":{"0":{"name":"ControllerException","decl":{"start":{"line":2,"column":2},"end":{"line":5,"column":3}},"loc":{"start":{"line":2,"column":2},"end":{"line":5,"column":3}},"line":2}},"f":{"0":0}}
,"/home/ayelsew/Desktop/express-decorator/src/autoloader.ts": {"path":"/home/ayelsew/Desktop/express-decorator/src/autoloader.ts","all":false,"statementMap":{"0":{"start":{"line":1,"column":0},"end":{"line":1,"column":38}},"1":{"start":{"line":2,"column":0},"end":{"line":2,"column":50}},"2":{"start":{"line":3,"column":0},"end":{"line":3,"column":57}},"3":{"start":{"line":4,"column":0},"end":{"line":4,"column":0}},"4":{"start":{"line":5,"column":0},"end":{"line":5,"column":55}},"5":{"start":{"line":6,"column":0},"end":{"line":6,"column":0}},"6":{"start":{"line":7,"column":0},"end":{"line":7,"column":78}},"7":{"start":{"line":8,"column":0},"end":{"line":8,"column":64}},"8":{"start":{"line":9,"column":0},"end":{"line":9,"column":35}},"9":{"start":{"line":10,"column":0},"end":{"line":10,"column":56}},"10":{"start":{"line":11,"column":0},"end":{"line":11,"column":0}},"11":{"start":{"line":12,"column":0},"end":{"line":12,"column":77}},"12":{"start":{"line":13,"column":0},"end":{"line":13,"column":116}},"13":{"start":{"line":14,"column":0},"end":{"line":14,"column":5}},"14":{"start":{"line":15,"column":0},"end":{"line":15,"column":0}},"15":{"start":{"line":16,"column":0},"end":{"line":16,"column":55}},"16":{"start":{"line":17,"column":0},"end":{"line":17,"column":0}},"17":{"start":{"line":18,"column":0},"end":{"line":18,"column":69}},"18":{"start":{"line":19,"column":0},"end":{"line":19,"column":0}},"19":{"start":{"line":20,"column":0},"end":{"line":20,"column":68}},"20":{"start":{"line":21,"column":0},"end":{"line":21,"column":13}},"21":{"start":{"line":22,"column":0},"end":{"line":22,"column":39}},"22":{"start":{"line":23,"column":0},"end":{"line":23,"column":21}},"23":{"start":{"line":24,"column":0},"end":{"line":24,"column":0}},"24":{"start":{"line":25,"column":0},"end":{"line":25,"column":72}},"25":{"start":{"line":26,"column":0},"end":{"line":26,"column":0}},"26":{"start":{"line":27,"column":0},"end":{"line":27,"column":64}},"27":{"start":{"line":28,"column":0},"end":{"line":28,"column":0}},"28":{"start":{"line":29,"column":0},"end":{"line":29,"column":11}},"29":{"start":{"line":30,"column":0},"end":{"line":30,"column":62}},"30":{"start":{"line":31,"column":0},"end":{"line":31,"column":23}},"31":{"start":{"line":32,"column":0},"end":{"line":32,"column":45}},"32":{"start":{"line":33,"column":0},"end":{"line":33,"column":7}},"33":{"start":{"line":34,"column":0},"end":{"line":34,"column":7}},"34":{"start":{"line":35,"column":0},"end":{"line":35,"column":5}},"35":{"start":{"line":36,"column":0},"end":{"line":36,"column":0}},"36":{"start":{"line":37,"column":0},"end":{"line":37,"column":16}},"37":{"start":{"line":38,"column":0},"end":{"line":38,"column":1}},"38":{"start":{"line":39,"column":0},"end":{"line":39,"column":0}},"39":{"start":{"line":40,"column":0},"end":{"line":40,"column":26}}},"s":{"0":1,"1":1,"2":1,"3":1,"4":1,"5":1,"6":1,"7":3,"8":2,"9":2,"10":2,"11":2,"12":1,"13":1,"14":1,"15":1,"16":1,"17":1,"18":1,"19":1,"20":1,"21":1,"22":1,"23":1,"24":1,"25":1,"26":1,"27":1,"28":1,"29":1,"30":1,"31":0,"32":0,"33":1,"34":1,"35":3,"36":3,"37":3,"38":1,"39":1},"branchMap":{"0":{"type":"branch","line":7,"loc":{"start":{"line":7,"column":7},"end":{"line":38,"column":1}},"locations":[{"start":{"line":7,"column":7},"end":{"line":38,"column":1}}]},"1":{"type":"branch","line":8,"loc":{"start":{"line":8,"column":36},"end":{"line":35,"column":5}},"locations":[{"start":{"line":8,"column":36},"end":{"line":35,"column":5}}]},"2":{"type":"branch","line":12,"loc":{"start":{"line":12,"column":76},"end":{"line":35,"column":5}},"locations":[{"start":{"line":12,"column":76},"end":{"line":35,"column":5}}]},"3":{"type":"branch","line":20,"loc":{"start":{"line":20,"column":32},"end":{"line":34,"column":7}},"locations":[{"start":{"line":20,"column":32},"end":{"line":34,"column":7}}]},"4":{"type":"branch","line":31,"loc":{"start":{"line":31,"column":8},"end":{"line":33,"column":7}},"locations":[{"start":{"line":31,"column":8},"end":{"line":33,"column":7}}]}},"b":{"0":[3],"1":[2],"2":[1],"3":[1],"4":[0]},"fnMap":{"0":{"name":"autoloader","decl":{"start":{"line":7,"column":7},"end":{"line":38,"column":1}},"loc":{"start":{"line":7,"column":7},"end":{"line":38,"column":1}},"line":7}},"f":{"0":3}}
,"/home/ayelsew/Desktop/express-decorator/src/declarations.ts": {"path":"/home/ayelsew/Desktop/express-decorator/src/declarations.ts","all":false,"statementMap":{"0":{"start":{"line":1,"column":0},"end":{"line":1,"column":58}},"1":{"start":{"line":2,"column":0},"end":{"line":2,"column":0}},"2":{"start":{"line":3,"column":0},"end":{"line":3,"column":20}},"3":{"start":{"line":4,"column":0},"end":{"line":4,"column":20}},"4":{"start":{"line":5,"column":0},"end":{"line":5,"column":14}},"5":{"start":{"line":6,"column":0},"end":{"line":6,"column":18}},"6":{"start":{"line":7,"column":0},"end":{"line":7,"column":16}},"7":{"start":{"line":8,"column":0},"end":{"line":8,"column":14}},"8":{"start":{"line":9,"column":0},"end":{"line":9,"column":1}},"9":{"start":{"line":10,"column":0},"end":{"line":10,"column":0}},"10":{"start":{"line":11,"column":0},"end":{"line":11,"column":92}},"11":{"start":{"line":12,"column":0},"end":{"line":12,"column":0}},"12":{"start":{"line":13,"column":0},"end":{"line":13,"column":37}},"13":{"start":{"line":14,"column":0},"end":{"line":14,"column":17}},"14":{"start":{"line":15,"column":0},"end":{"line":15,"column":15}},"15":{"start":{"line":16,"column":0},"end":{"line":16,"column":27}},"16":{"start":{"line":17,"column":0},"end":{"line":17,"column":14}},"17":{"start":{"line":18,"column":0},"end":{"line":18,"column":1}},"18":{"start":{"line":19,"column":0},"end":{"line":19,"column":0}},"19":{"start":{"line":20,"column":0},"end":{"line":20,"column":35}},"20":{"start":{"line":21,"column":0},"end":{"line":21,"column":16}},"21":{"start":{"line":22,"column":0},"end":{"line":22,"column":28}},"22":{"start":{"line":23,"column":0},"end":{"line":23,"column":1}}},"s":{"0":1,"1":1,"2":1,"3":1,"4":1,"5":1,"6":1,"7":1,"8":1,"9":1,"10":1,"11":1,"12":1,"13":1,"14":1,"15":1,"16":1,"17":1,"18":1,"19":1,"20":1,"21":1,"22":1},"branchMap":{"0":{"type":"branch","line":3,"loc":{"start":{"line":3,"column":12},"end":{"line":3,"column":20}},"locations":[{"start":{"line":3,"column":12},"end":{"line":3,"column":20}}]}},"b":{"0":[1]},"fnMap":{},"f":{}}
,"/home/ayelsew/Desktop/express-decorator/src/index.ts": {"path":"/home/ayelsew/Desktop/express-decorator/src/index.ts","all":false,"statementMap":{"0":{"start":{"line":1,"column":0},"end":{"line":1,"column":33}},"1":{"start":{"line":2,"column":0},"end":{"line":2,"column":38}},"2":{"start":{"line":3,"column":0},"end":{"line":3,"column":29}},"3":{"start":{"line":4,"column":0},"end":{"line":4,"column":29}}},"s":{"0":1,"1":0,"2":2,"3":0},"branchMap":{"0":{"type":"branch","line":1,"loc":{"start":{"line":1,"column":0},"end":{"line":1,"column":33}},"locations":[{"start":{"line":1,"column":0},"end":{"line":1,"column":33}}]},"1":{"type":"branch","line":1,"loc":{"start":{"line":1,"column":0},"end":{"line":1,"column":33}},"locations":[{"start":{"line":1,"column":0},"end":{"line":1,"column":33}}]},"2":{"type":"branch","line":1,"loc":{"start":{"line":1,"column":0},"end":{"line":1,"column":33}},"locations":[{"start":{"line":1,"column":0},"end":{"line":1,"column":33}}]},"3":{"type":"branch","line":1,"loc":{"start":{"line":1,"column":0},"end":{"line":1,"column":33}},"locations":[{"start":{"line":1,"column":0},"end":{"line":1,"column":33}}]},"4":{"type":"branch","line":1,"loc":{"start":{"line":1,"column":0},"end":{"line":1,"column":33}},"locations":[{"start":{"line":1,"column":0},"end":{"line":1,"column":33}}]},"5":{"type":"branch","line":1,"loc":{"start":{"line":1,"column":0},"end":{"line":1,"column":33}},"locations":[{"start":{"line":1,"column":0},"end":{"line":1,"column":33}}]},"6":{"type":"branch","line":1,"loc":{"start":{"line":1,"column":0},"end":{"line":1,"column":33}},"locations":[{"start":{"line":1,"column":0},"end":{"line":1,"column":33}}]},"7":{"type":"branch","line":2,"loc":{"start":{"line":2,"column":0},"end":{"line":2,"column":38}},"locations":[{"start":{"line":2,"column":0},"end":{"line":2,"column":38}}]},"8":{"type":"branch","line":2,"loc":{"start":{"line":2,"column":0},"end":{"line":2,"column":38}},"locations":[{"start":{"line":2,"column":0},"end":{"line":2,"column":38}}]},"9":{"type":"branch","line":2,"loc":{"start":{"line":2,"column":0},"end":{"line":2,"column":38}},"locations":[{"start":{"line":2,"column":0},"end":{"line":2,"column":38}}]},"10":{"type":"branch","line":2,"loc":{"start":{"line":2,"column":0},"end":{"line":2,"column":38}},"locations":[{"start":{"line":2,"column":0},"end":{"line":2,"column":38}}]},"11":{"type":"branch","line":2,"loc":{"start":{"line":2,"column":0},"end":{"line":2,"column":38}},"locations":[{"start":{"line":2,"column":0},"end":{"line":2,"column":38}}]},"12":{"type":"branch","line":2,"loc":{"start":{"line":2,"column":0},"end":{"line":2,"column":38}},"locations":[{"start":{"line":2,"column":0},"end":{"line":2,"column":38}}]},"13":{"type":"branch","line":3,"loc":{"start":{"line":3,"column":0},"end":{"line":3,"column":29}},"locations":[{"start":{"line":3,"column":0},"end":{"line":3,"column":29}}]},"14":{"type":"branch","line":3,"loc":{"start":{"line":3,"column":0},"end":{"line":3,"column":29}},"locations":[{"start":{"line":3,"column":0},"end":{"line":3,"column":29}}]},"15":{"type":"branch","line":3,"loc":{"start":{"line":3,"column":0},"end":{"line":3,"column":29}},"locations":[{"start":{"line":3,"column":0},"end":{"line":3,"column":29}}]},"16":{"type":"branch","line":3,"loc":{"start":{"line":3,"column":0},"end":{"line":3,"column":29}},"locations":[{"start":{"line":3,"column":0},"end":{"line":3,"column":29}}]},"17":{"type":"branch","line":3,"loc":{"start":{"line":3,"column":0},"end":{"line":3,"column":29}},"locations":[{"start":{"line":3,"column":0},"end":{"line":3,"column":29}}]},"18":{"type":"branch","line":4,"loc":{"start":{"line":4,"column":0},"end":{"line":4,"column":29}},"locations":[{"start":{"line":4,"column":0},"end":{"line":4,"column":29}}]},"19":{"type":"branch","line":4,"loc":{"start":{"line":4,"column":0},"end":{"line":4,"column":29}},"locations":[{"start":{"line":4,"column":0},"end":{"line":4,"column":29}}]},"20":{"type":"branch","line":4,"loc":{"start":{"line":4,"column":0},"end":{"line":4,"column":29}},"locations":[{"start":{"line":4,"column":0},"end":{"line":4,"column":29}}]},"21":{"type":"branch","line":4,"loc":{"start":{"line":4,"column":0},"end":{"line":4,"column":29}},"locations":[{"start":{"line":4,"column":0},"end":{"line":4,"column":29}}]},"22":{"type":"branch","line":4,"loc":{"start":{"line":4,"column":0},"end":{"line":4,"column":29}},"locations":[{"start":{"line":4,"column":0},"end":{"line":4,"column":29}}]},"23":{"type":"branch","line":4,"loc":{"start":{"line":4,"column":0},"end":{"line":4,"column":29}},"locations":[{"start":{"line":4,"column":0},"end":{"line":4,"column":29}}]}},"b":{"0":[2],"1":[1],"2":[1],"3":[0],"4":[0],"5":[1],"6":[1],"7":[2],"8":[1],"9":[1],"10":[0],"11":[0],"12":[1],"13":[7],"14":[0],"15":[0],"16":[0],"17":[2],"18":[2],"19":[1],"20":[1],"21":[0],"22":[0],"23":[1]},"fnMap":{"0":{"name":"get","decl":{"start":{"line":1,"column":0},"end":{"line":1,"column":33}},"loc":{"start":{"line":1,"column":0},"end":{"line":1,"column":33}},"line":1},"1":{"name":"get","decl":{"start":{"line":2,"column":0},"end":{"line":2,"column":38}},"loc":{"start":{"line":2,"column":0},"end":{"line":2,"column":38}},"line":2},"2":{"name":"get","decl":{"start":{"line":3,"column":0},"end":{"line":3,"column":29}},"loc":{"start":{"line":3,"column":0},"end":{"line":3,"column":29}},"line":3},"3":{"name":"get","decl":{"start":{"line":4,"column":0},"end":{"line":4,"column":29}},"loc":{"start":{"line":4,"column":0},"end":{"line":4,"column":29}},"line":4}},"f":{"0":1,"1":0,"2":2,"3":0}}
,"/home/ayelsew/Desktop/express-decorator/src/decorators/Controller.ts": {"path":"/home/ayelsew/Desktop/express-decorator/src/decorators/Controller.ts","all":false,"statementMap":{"0":{"start":{"line":1,"column":0},"end":{"line":1,"column":38}},"1":{"start":{"line":2,"column":0},"end":{"line":2,"column":43}},"2":{"start":{"line":3,"column":0},"end":{"line":3,"column":37}},"3":{"start":{"line":4,"column":0},"end":{"line":4,"column":50}},"4":{"start":{"line":5,"column":0},"end":{"line":5,"column":68}},"5":{"start":{"line":6,"column":0},"end":{"line":6,"column":4}},"6":{"start":{"line":7,"column":0},"end":{"line":7,"column":1}},"7":{"start":{"line":8,"column":0},"end":{"line":8,"column":0}},"8":{"start":{"line":9,"column":0},"end":{"line":9,"column":26}}},"s":{"0":1,"1":1,"2":1,"3":1,"4":1,"5":1,"6":1,"7":1,"8":1},"branchMap":{"0":{"type":"branch","line":2,"loc":{"start":{"line":2,"column":7},"end":{"line":7,"column":1}},"locations":[{"start":{"line":2,"column":7},"end":{"line":7,"column":1}}]},"1":{"type":"branch","line":3,"loc":{"start":{"line":3,"column":10},"end":{"line":6,"column":4}},"locations":[{"start":{"line":3,"column":10},"end":{"line":6,"column":4}}]}},"b":{"0":[1],"1":[1]},"fnMap":{"0":{"name":"Controller","decl":{"start":{"line":2,"column":7},"end":{"line":7,"column":1}},"loc":{"start":{"line":2,"column":7},"end":{"line":7,"column":1}},"line":2}},"f":{"0":1}}
,"/home/ayelsew/Desktop/express-decorator/src/decorators/HTTPFactory.ts": {"path":"/home/ayelsew/Desktop/express-decorator/src/decorators/HTTPFactory.ts","all":false,"statementMap":{"0":{"start":{"line":1,"column":0},"end":{"line":1,"column":76}},"1":{"start":{"line":2,"column":0},"end":{"line":2,"column":36}},"2":{"start":{"line":3,"column":0},"end":{"line":3,"column":0}},"3":{"start":{"line":4,"column":0},"end":{"line":4,"column":80}},"4":{"start":{"line":5,"column":0},"end":{"line":5,"column":24}},"5":{"start":{"line":6,"column":0},"end":{"line":6,"column":36}},"6":{"start":{"line":7,"column":0},"end":{"line":7,"column":2}},"7":{"start":{"line":8,"column":0},"end":{"line":8,"column":74}},"8":{"start":{"line":9,"column":0},"end":{"line":9,"column":33}},"9":{"start":{"line":10,"column":0},"end":{"line":10,"column":45}},"10":{"start":{"line":11,"column":0},"end":{"line":11,"column":3}},"11":{"start":{"line":12,"column":0},"end":{"line":12,"column":0}},"12":{"start":{"line":13,"column":0},"end":{"line":13,"column":41}},"13":{"start":{"line":14,"column":0},"end":{"line":14,"column":1}},"14":{"start":{"line":15,"column":0},"end":{"line":15,"column":0}},"15":{"start":{"line":16,"column":0},"end":{"line":16,"column":27}}},"s":{"0":1,"1":1,"2":1,"3":1,"4":1,"5":1,"6":1,"7":1,"8":1,"9":1,"10":1,"11":1,"12":1,"13":1,"14":1,"15":1},"branchMap":{"0":{"type":"branch","line":4,"loc":{"start":{"line":4,"column":7},"end":{"line":14,"column":1}},"locations":[{"start":{"line":4,"column":7},"end":{"line":14,"column":1}}]}},"b":{"0":[1]},"fnMap":{"0":{"name":"HTTPFactory","decl":{"start":{"line":4,"column":7},"end":{"line":14,"column":1}},"loc":{"start":{"line":4,"column":7},"end":{"line":14,"column":1}},"line":4}},"f":{"0":1}}
,"/home/ayelsew/Desktop/express-decorator/src/decorators/factory.ts": {"path":"/home/ayelsew/Desktop/express-decorator/src/decorators/factory.ts","all":false,"statementMap":{"0":{"start":{"line":1,"column":0},"end":{"line":1,"column":57}},"1":{"start":{"line":2,"column":0},"end":{"line":2,"column":0}},"2":{"start":{"line":3,"column":0},"end":{"line":3,"column":87}},"3":{"start":{"line":4,"column":0},"end":{"line":4,"column":46}},"4":{"start":{"line":5,"column":0},"end":{"line":5,"column":41}},"5":{"start":{"line":6,"column":0},"end":{"line":6,"column":3}},"6":{"start":{"line":7,"column":0},"end":{"line":7,"column":57}},"7":{"start":{"line":8,"column":0},"end":{"line":8,"column":14}},"8":{"start":{"line":9,"column":0},"end":{"line":9,"column":43}},"9":{"start":{"line":10,"column":0},"end":{"line":10,"column":9}},"10":{"start":{"line":11,"column":0},"end":{"line":11,"column":17}},"11":{"start":{"line":12,"column":0},"end":{"line":12,"column":41}},"12":{"start":{"line":13,"column":0},"end":{"line":13,"column":21}},"13":{"start":{"line":14,"column":0},"end":{"line":14,"column":20}},"14":{"start":{"line":15,"column":0},"end":{"line":15,"column":10}},"15":{"start":{"line":16,"column":0},"end":{"line":16,"column":8}},"16":{"start":{"line":17,"column":0},"end":{"line":17,"column":21}},"17":{"start":{"line":18,"column":0},"end":{"line":18,"column":7}},"18":{"start":{"line":19,"column":0},"end":{"line":19,"column":4}},"19":{"start":{"line":20,"column":0},"end":{"line":20,"column":1}},"20":{"start":{"line":21,"column":0},"end":{"line":21,"column":0}},"21":{"start":{"line":22,"column":0},"end":{"line":22,"column":23}}},"s":{"0":1,"1":1,"2":1,"3":1,"4":1,"5":1,"6":1,"7":1,"8":1,"9":1,"10":1,"11":1,"12":1,"13":1,"14":1,"15":1,"16":1,"17":1,"18":1,"19":1,"20":1,"21":1},"branchMap":{"0":{"type":"branch","line":3,"loc":{"start":{"line":3,"column":7},"end":{"line":20,"column":1}},"locations":[{"start":{"line":3,"column":7},"end":{"line":20,"column":1}}]},"1":{"type":"branch","line":4,"loc":{"start":{"line":4,"column":9},"end":{"line":19,"column":4}},"locations":[{"start":{"line":4,"column":9},"end":{"line":19,"column":4}}]},"2":{"type":"branch","line":5,"loc":{"start":{"line":5,"column":27},"end":{"line":5,"column":41}},"locations":[{"start":{"line":5,"column":27},"end":{"line":5,"column":41}}]}},"b":{"0":[1],"1":[1],"2":[0]},"fnMap":{"0":{"name":"factory","decl":{"start":{"line":3,"column":7},"end":{"line":20,"column":1}},"loc":{"start":{"line":3,"column":7},"end":{"line":20,"column":1}},"line":3}},"f":{"0":1}}
,"/home/ayelsew/Desktop/express-decorator/src/decorators/index.ts": {"path":"/home/ayelsew/Desktop/express-decorator/src/decorators/index.ts","all":false,"statementMap":{"0":{"start":{"line":1,"column":0},"end":{"line":1,"column":59}},"1":{"start":{"line":2,"column":0},"end":{"line":2,"column":44}},"2":{"start":{"line":3,"column":0},"end":{"line":3,"column":0}},"3":{"start":{"line":4,"column":0},"end":{"line":4,"column":104}},"4":{"start":{"line":5,"column":0},"end":{"line":5,"column":106}},"5":{"start":{"line":6,"column":0},"end":{"line":6,"column":108}},"6":{"start":{"line":7,"column":0},"end":{"line":7,"column":110}},"7":{"start":{"line":8,"column":0},"end":{"line":8,"column":102}},"8":{"start":{"line":9,"column":0},"end":{"line":9,"column":0}},"9":{"start":{"line":10,"column":0},"end":{"line":10,"column":26}},"10":{"start":{"line":11,"column":0},"end":{"line":11,"column":29}}},"s":{"0":1,"1":1,"2":1,"3":1,"4":1,"5":1,"6":1,"7":1,"8":1,"9":0,"10":1},"branchMap":{"0":{"type":"branch","line":10,"loc":{"start":{"line":10,"column":0},"end":{"line":10,"column":26}},"locations":[{"start":{"line":10,"column":0},"end":{"line":10,"column":26}}]},"1":{"type":"branch","line":10,"loc":{"start":{"line":10,"column":0},"end":{"line":10,"column":26}},"locations":[{"start":{"line":10,"column":0},"end":{"line":10,"column":26}}]},"2":{"type":"branch","line":10,"loc":{"start":{"line":10,"column":0},"end":{"line":10,"column":26}},"locations":[{"start":{"line":10,"column":0},"end":{"line":10,"column":26}}]},"3":{"type":"branch","line":10,"loc":{"start":{"line":10,"column":0},"end":{"line":10,"column":26}},"locations":[{"start":{"line":10,"column":0},"end":{"line":10,"column":26}}]},"4":{"type":"branch","line":10,"loc":{"start":{"line":10,"column":0},"end":{"line":10,"column":26}},"locations":[{"start":{"line":10,"column":0},"end":{"line":10,"column":26}}]},"5":{"type":"branch","line":10,"loc":{"start":{"line":10,"column":0},"end":{"line":10,"column":26}},"locations":[{"start":{"line":10,"column":0},"end":{"line":10,"column":26}}]},"6":{"type":"branch","line":10,"loc":{"start":{"line":10,"column":0},"end":{"line":10,"column":26}},"locations":[{"start":{"line":10,"column":0},"end":{"line":10,"column":26}}]},"7":{"type":"branch","line":10,"loc":{"start":{"line":10,"column":0},"end":{"line":10,"column":26}},"locations":[{"start":{"line":10,"column":0},"end":{"line":10,"column":26}}]},"8":{"type":"branch","line":11,"loc":{"start":{"line":11,"column":0},"end":{"line":11,"column":29}},"locations":[{"start":{"line":11,"column":0},"end":{"line":11,"column":29}}]},"9":{"type":"branch","line":11,"loc":{"start":{"line":11,"column":0},"end":{"line":11,"column":29}},"locations":[{"start":{"line":11,"column":0},"end":{"line":11,"column":29}}]},"10":{"type":"branch","line":11,"loc":{"start":{"line":11,"column":0},"end":{"line":11,"column":29}},"locations":[{"start":{"line":11,"column":0},"end":{"line":11,"column":29}}]},"11":{"type":"branch","line":11,"loc":{"start":{"line":11,"column":0},"end":{"line":11,"column":29}},"locations":[{"start":{"line":11,"column":0},"end":{"line":11,"column":29}}]},"12":{"type":"branch","line":11,"loc":{"start":{"line":11,"column":0},"end":{"line":11,"column":29}},"locations":[{"start":{"line":11,"column":0},"end":{"line":11,"column":29}}]},"13":{"type":"branch","line":11,"loc":{"start":{"line":11,"column":0},"end":{"line":11,"column":29}},"locations":[{"start":{"line":11,"column":0},"end":{"line":11,"column":29}}]},"14":{"type":"branch","line":11,"loc":{"start":{"line":11,"column":0},"end":{"line":11,"column":29}},"locations":[{"start":{"line":11,"column":0},"end":{"line":11,"column":29}}]},"15":{"type":"branch","line":11,"loc":{"start":{"line":11,"column":0},"end":{"line":11,"column":29}},"locations":[{"start":{"line":11,"column":0},"end":{"line":11,"column":29}}]},"16":{"type":"branch","line":11,"loc":{"start":{"line":11,"column":0},"end":{"line":11,"column":29}},"locations":[{"start":{"line":11,"column":0},"end":{"line":11,"column":29}}]},"17":{"type":"branch","line":7,"loc":{"start":{"line":7,"column":7},"end":{"line":7,"column":110}},"locations":[{"start":{"line":7,"column":7},"end":{"line":7,"column":110}}]}},"b":{"0":[2],"1":[1],"2":[1],"3":[0],"4":[1],"5":[0],"6":[0],"7":[1],"8":[2],"9":[1],"10":[1],"11":[0],"12":[1],"13":[0],"14":[0],"15":[1],"16":[1],"17":[1]},"fnMap":{"0":{"name":"get","decl":{"start":{"line":10,"column":0},"end":{"line":10,"column":26}},"loc":{"start":{"line":10,"column":0},"end":{"line":10,"column":26}},"line":10},"1":{"name":"get","decl":{"start":{"line":11,"column":0},"end":{"line":11,"column":29}},"loc":{"start":{"line":11,"column":0},"end":{"line":11,"column":29}},"line":11},"2":{"name":"Post","decl":{"start":{"line":4,"column":21},"end":{"line":4,"column":73}},"loc":{"start":{"line":4,"column":21},"end":{"line":4,"column":73}},"line":4},"3":{"name":"Patch","decl":{"start":{"line":5,"column":22},"end":{"line":5,"column":74}},"loc":{"start":{"line":5,"column":22},"end":{"line":5,"column":74}},"line":5},"4":{"name":"Delete","decl":{"start":{"line":6,"column":23},"end":{"line":6,"column":75}},"loc":{"start":{"line":6,"column":23},"end":{"line":6,"column":75}},"line":6},"5":{"name":"Get","decl":{"start":{"line":7,"column":7},"end":{"line":7,"column":110}},"loc":{"start":{"line":7,"column":7},"end":{"line":7,"column":110}},"line":7},"6":{"name":"Put","decl":{"start":{"line":8,"column":20},"end":{"line":8,"column":72}},"loc":{"start":{"line":8,"column":20},"end":{"line":8,"column":72}},"line":8}},"f":{"0":0,"1":1,"2":0,"3":0,"4":0,"5":1,"6":0}}
}
