TN:
SF:src/AutoloaderException.ts
FN:2,AutoloaderException
FNF:1
FNH:1
FNDA:2,AutoloaderException
DA:1,1
DA:2,1
DA:3,2
DA:4,2
DA:5,2
DA:6,1
DA:7,1
DA:8,1
LF:8
LH:8
BRDA:2,0,0,2
BRF:1
BRH:1
end_of_record
TN:
SF:src/ControllerBase.ts
FN:7,getResourceName
FN:11,getAllResourceIdentifier
FN:15,getResourceIdentifier
FN:22,setResourceIdentifier
FNF:4
FNH:4
FNDA:2,getResourceName
FNDA:2,getAllResourceIdentifier
FNDA:3,getResourceIdentifier
FNDA:5,setResourceIdentifier
DA:1,1
DA:2,1
DA:3,1
DA:4,1
DA:5,1
DA:6,1
DA:7,1
DA:8,2
DA:9,2
DA:10,1
DA:11,1
DA:12,2
DA:13,2
DA:14,1
DA:15,1
DA:16,3
DA:17,3
DA:18,2
DA:19,2
DA:20,2
DA:21,1
DA:22,1
DA:23,5
DA:24,5
DA:25,1
DA:26,1
DA:27,1
LF:27
LH:27
BRDA:7,0,0,2
BRDA:11,1,0,2
BRDA:15,2,0,3
BRDA:16,3,0,2
BRDA:17,4,0,1
BRDA:17,5,0,2
BRDA:22,6,0,5
BRF:7
BRH:7
end_of_record
TN:
SF:src/autoloader.ts
FN:7,autoloader
FNF:1
FNH:1
FNDA:4,autoloader
DA:1,1
DA:2,1
DA:3,1
DA:4,1
DA:5,1
DA:6,1
DA:7,1
DA:8,4
DA:9,3
DA:10,3
DA:11,3
DA:12,3
DA:13,1
DA:14,1
DA:15,2
DA:16,2
DA:17,2
DA:18,2
DA:19,2
DA:20,2
DA:21,2
DA:22,2
DA:23,2
DA:24,2
DA:25,2
DA:26,2
DA:27,2
DA:28,2
DA:29,2
DA:30,2
DA:31,2
DA:32,1
DA:33,1
DA:34,2
DA:35,2
DA:36,4
DA:37,4
DA:38,4
DA:39,1
DA:40,1
LF:40
LH:40
BRDA:7,0,0,4
BRDA:8,1,0,3
BRDA:12,2,0,1
BRDA:15,3,0,2
BRDA:20,4,0,2
BRDA:31,5,0,1
BRF:6
BRH:6
end_of_record
TN:
SF:src/declarations.ts
FNF:0
FNH:0
DA:1,1
DA:2,1
DA:3,1
DA:4,1
DA:5,1
DA:6,1
DA:7,1
DA:8,1
DA:9,1
DA:10,1
DA:11,1
DA:12,1
DA:13,1
DA:14,1
DA:15,1
DA:16,1
DA:17,1
DA:18,1
DA:19,1
DA:20,1
DA:21,1
DA:22,1
DA:23,1
LF:23
LH:23
BRDA:3,0,0,1
BRF:1
BRH:1
end_of_record
TN:
SF:src/index.ts
FN:1,get
FN:2,get
FN:3,get
FN:4,get
FNF:4
FNH:4
FNDA:2,get
FNDA:1,get
FNDA:1,get
FNDA:4,get
DA:1,2
DA:2,1
DA:3,1
DA:4,4
LF:4
LH:4
BRDA:1,0,0,2
BRDA:1,1,0,1
BRDA:1,2,0,1
BRDA:1,3,0,0
BRDA:1,4,0,0
BRDA:1,5,0,1
BRDA:1,6,0,2
BRDA:2,7,0,5
BRDA:2,8,0,0
BRDA:2,9,0,0
BRDA:2,10,0,0
BRDA:2,11,0,1
BRDA:3,12,0,2
BRDA:3,13,0,1
BRDA:3,14,0,1
BRDA:3,15,0,0
BRDA:3,16,0,0
BRDA:3,17,0,1
BRDA:3,18,0,1
BRDA:4,19,0,2
BRDA:4,20,0,1
BRDA:4,21,0,1
BRDA:4,22,0,0
BRDA:4,23,0,0
BRDA:4,24,0,1
BRDA:4,25,0,4
BRF:26
BRH:17
end_of_record
TN:
SF:src/decorators/Controller.ts
FN:2,Controller
FNF:1
FNH:1
FNDA:1,Controller
DA:1,1
DA:2,1
DA:3,1
DA:4,1
DA:5,1
DA:6,1
DA:7,1
DA:8,1
DA:9,1
LF:9
LH:9
BRDA:2,0,0,1
BRDA:3,1,0,1
BRF:2
BRH:2
end_of_record
TN:
SF:src/decorators/HTTPFactory.ts
FN:4,HTTPFactory
FNF:1
FNH:1
FNDA:1,HTTPFactory
DA:1,1
DA:2,1
DA:3,1
DA:4,1
DA:5,1
DA:6,1
DA:7,1
DA:8,1
DA:9,1
DA:10,1
DA:11,1
DA:12,1
DA:13,1
DA:14,1
DA:15,1
DA:16,1
LF:16
LH:16
BRDA:4,0,0,1
BRF:1
BRH:1
end_of_record
TN:
SF:src/decorators/factory.ts
FN:3,factory
FNF:1
FNH:1
FNDA:2,factory
DA:1,1
DA:2,1
DA:3,1
DA:4,2
DA:5,2
DA:6,2
DA:7,2
DA:8,2
DA:9,2
DA:10,2
DA:11,2
DA:12,2
DA:13,2
DA:14,2
DA:15,2
DA:16,2
DA:17,2
DA:18,2
DA:19,2
DA:20,2
DA:21,1
DA:22,1
LF:22
LH:22
BRDA:3,0,0,2
BRDA:4,1,0,2
BRDA:5,2,0,1
BRF:3
BRH:3
end_of_record
TN:
SF:src/decorators/methods.ts
FN:4,Post
FN:5,Patch
FN:6,Delete
FN:7,Get
FN:8,Put
FNF:5
FNH:5
FNDA:1,Post
FNDA:1,Patch
FNDA:1,Delete
FNDA:1,Get
FNDA:1,Put
DA:1,1
DA:2,1
DA:3,1
DA:4,1
DA:5,1
DA:6,1
DA:7,1
DA:8,1
LF:8
LH:8
BRDA:4,0,0,1
BRDA:5,1,0,1
BRDA:6,2,0,1
BRDA:7,3,0,1
BRDA:8,4,0,1
BRF:5
BRH:5
end_of_record
