TN:
SF:src/AutoloaderException.ts
FN:2,AutoloaderException
FNF:1
FNH:1
FNDA:1,AutoloaderException
DA:1,1
DA:2,1
DA:3,1
DA:4,1
DA:5,1
DA:6,1
DA:7,1
DA:8,1
LF:8
LH:8
BRDA:2,0,0,1
BRF:1
BRH:1
end_of_record
TN:
SF:src/ControllerBase.ts
FN:5,<instance_members_initializer>
FN:8,getResourceName
FN:12,getAllResourceIdentifier
FN:16,getResourceIdentifier
FNF:4
FNH:2
FNDA:0,<instance_members_initializer>
FNDA:1,getResourceName
FNDA:1,getAllResourceIdentifier
FNDA:0,getResourceIdentifier
DA:1,1
DA:2,1
DA:3,1
DA:4,1
DA:5,1
DA:6,0
DA:7,1
DA:8,1
DA:9,1
DA:10,1
DA:11,1
DA:12,1
DA:13,1
DA:14,1
DA:15,1
DA:16,1
DA:17,0
DA:18,0
DA:19,0
DA:20,0
DA:21,1
DA:22,1
DA:23,1
LF:23
LH:18
BRDA:5,0,0,0
BRDA:8,1,0,1
BRDA:12,2,0,1
BRF:3
BRH:2
end_of_record
TN:
SF:src/ControllerException.ts
FN:2,ControllerException
FNF:1
FNH:0
FNDA:0,ControllerException
DA:1,1
DA:2,1
DA:3,0
DA:4,0
DA:5,0
DA:6,1
DA:7,1
DA:8,1
LF:8
LH:5
BRF:0
BRH:0
end_of_record
TN:
SF:src/autoloader.ts
FN:7,autoloader
FNF:1
FNH:1
FNDA:3,autoloader
DA:1,1
DA:2,1
DA:3,1
DA:4,1
DA:5,1
DA:6,1
DA:7,1
DA:8,3
DA:9,2
DA:10,2
DA:11,2
DA:12,2
DA:13,1
DA:14,1
DA:15,1
DA:16,1
DA:17,1
DA:18,1
DA:19,1
DA:20,1
DA:21,1
DA:22,1
DA:23,1
DA:24,1
DA:25,1
DA:26,1
DA:27,1
DA:28,1
DA:29,1
DA:30,1
DA:31,1
DA:32,0
DA:33,0
DA:34,1
DA:35,1
DA:36,3
DA:37,3
DA:38,3
DA:39,1
DA:40,1
LF:40
LH:38
BRDA:7,0,0,3
BRDA:8,1,0,2
BRDA:12,2,0,1
BRDA:20,3,0,1
BRDA:31,4,0,0
BRF:5
BRH:4
end_of_record
TN:
SF:src/declarations.ts
FNF:0
FNH:0
DA:1,1
DA:2,1
DA:3,1
DA:4,1
DA:5,1
DA:6,1
DA:7,1
DA:8,1
DA:9,1
DA:10,1
DA:11,1
DA:12,1
DA:13,1
DA:14,1
DA:15,1
DA:16,1
DA:17,1
DA:18,1
DA:19,1
DA:20,1
DA:21,1
DA:22,1
DA:23,1
LF:23
LH:23
BRDA:3,0,0,1
BRF:1
BRH:1
end_of_record
TN:
SF:src/index.ts
FN:1,get
FN:2,get
FN:3,get
FN:4,get
FNF:4
FNH:2
FNDA:1,get
FNDA:0,get
FNDA:2,get
FNDA:0,get
DA:1,1
DA:2,0
DA:3,2
DA:4,0
LF:4
LH:2
BRDA:1,0,0,2
BRDA:1,1,0,1
BRDA:1,2,0,1
BRDA:1,3,0,0
BRDA:1,4,0,0
BRDA:1,5,0,1
BRDA:1,6,0,1
BRDA:2,7,0,2
BRDA:2,8,0,1
BRDA:2,9,0,1
BRDA:2,10,0,0
BRDA:2,11,0,0
BRDA:2,12,0,1
BRDA:3,13,0,7
BRDA:3,14,0,0
BRDA:3,15,0,0
BRDA:3,16,0,0
BRDA:3,17,0,2
BRDA:4,18,0,2
BRDA:4,19,0,1
BRDA:4,20,0,1
BRDA:4,21,0,0
BRDA:4,22,0,0
BRDA:4,23,0,1
BRF:24
BRH:15
end_of_record
TN:
SF:src/decorators/Controller.ts
FN:2,Controller
FNF:1
FNH:1
FNDA:1,Controller
DA:1,1
DA:2,1
DA:3,1
DA:4,1
DA:5,1
DA:6,1
DA:7,1
DA:8,1
DA:9,1
LF:9
LH:9
BRDA:2,0,0,1
BRDA:3,1,0,1
BRF:2
BRH:2
end_of_record
TN:
SF:src/decorators/HTTPFactory.ts
FN:4,HTTPFactory
FNF:1
FNH:1
FNDA:1,HTTPFactory
DA:1,1
DA:2,1
DA:3,1
DA:4,1
DA:5,1
DA:6,1
DA:7,1
DA:8,1
DA:9,1
DA:10,1
DA:11,1
DA:12,1
DA:13,1
DA:14,1
DA:15,1
DA:16,1
LF:16
LH:16
BRDA:4,0,0,1
BRF:1
BRH:1
end_of_record
TN:
SF:src/decorators/factory.ts
FN:3,factory
FNF:1
FNH:1
FNDA:1,factory
DA:1,1
DA:2,1
DA:3,1
DA:4,1
DA:5,1
DA:6,1
DA:7,1
DA:8,1
DA:9,1
DA:10,1
DA:11,1
DA:12,1
DA:13,1
DA:14,1
DA:15,1
DA:16,1
DA:17,1
DA:18,1
DA:19,1
DA:20,1
DA:21,1
DA:22,1
LF:22
LH:22
BRDA:3,0,0,1
BRDA:4,1,0,1
BRDA:5,2,0,0
BRF:3
BRH:2
end_of_record
TN:
SF:src/decorators/index.ts
FN:10,get
FN:11,get
FN:4,Post
FN:5,Patch
FN:6,Delete
FN:7,Get
FN:8,Put
FNF:7
FNH:2
FNDA:0,get
FNDA:1,get
FNDA:0,Post
FNDA:0,Patch
FNDA:0,Delete
FNDA:1,Get
FNDA:0,Put
DA:1,1
DA:2,1
DA:3,1
DA:4,1
DA:5,1
DA:6,1
DA:7,1
DA:8,1
DA:9,1
DA:10,0
DA:11,1
LF:11
LH:10
BRDA:10,0,0,2
BRDA:10,1,0,1
BRDA:10,2,0,1
BRDA:10,3,0,0
BRDA:10,4,0,1
BRDA:10,5,0,0
BRDA:10,6,0,0
BRDA:10,7,0,1
BRDA:11,8,0,2
BRDA:11,9,0,1
BRDA:11,10,0,1
BRDA:11,11,0,0
BRDA:11,12,0,1
BRDA:11,13,0,0
BRDA:11,14,0,0
BRDA:11,15,0,1
BRDA:11,16,0,1
BRDA:7,17,0,1
BRF:18
BRH:12
end_of_record
